INFO: 2023-02-15 21:25:47,623: main() 'Using profile folder /home/t1gu1/.config/variety/'
INFO: 2023-02-15 21:25:47,625: prepare_config_folder() 'Missing config file, copying it from /usr/share/variety/config/variety.conf'
INFO: 2023-02-15 21:25:47,625: prepare_config_folder() 'Missing ui.conf file, copying it from /usr/share/variety/config/ui.conf'
INFO: 2023-02-15 21:25:47,625: makedirs() 'Creating folder /home/t1gu1/.config/variety/plugins'
INFO: 2023-02-15 21:25:47,625: makedirs() 'Creating folder /home/t1gu1/.config/variety/scripts'
INFO: 2023-02-15 21:25:47,626: prepare_config_folder() 'Missing set_wallpaper file, copying it from /usr/share/variety/scripts/set_wallpaper'
INFO: 2023-02-15 21:25:47,626: prepare_config_folder() 'Missing get_wallpaper file, copying it from /usr/share/variety/scripts/get_wallpaper'
INFO: 2023-02-15 21:25:47,626: makedirs() 'Creating folder /home/t1gu1/.config/variety/wallpaper'
INFO: 2023-02-15 21:26:29,067: write_current_version() 'Writing current version 0.8.9 to .version'
INFO: 2023-02-15 21:26:29,068: perform_upgrade() 'Last run version was 0.8.9 or earlier, current version is 0.8.9'
ERROR: 2023-02-15 21:26:29,068: perform_upgrade() 'Error during version upgrade. Continuing.'
Traceback (most recent call last):
  File "/usr/lib/python3.10/site-packages/variety/VarietyWindow.py", line 2276, in perform_upgrade
    if Util.compare_versions(last_version, "0.4.13") < 0:
  File "/usr/lib/python3.10/site-packages/variety/Util.py", line 768, in compare_versions
    from pkg_resources import parse_version
ModuleNotFoundError: No module named 'pkg_resources'
INFO: 2023-02-15 21:26:29,070: process_command() 'Received command: []'
INFO: 2023-02-15 21:26:29,073: start() 'Using data_path /usr/share/variety'
INFO: 2023-02-15 21:26:29,073: load() 'Jumble loading'
INFO: 2023-02-15 21:26:29,073: _walk_modules() 'Jumble loading module in __init__ from /usr/lib/python3.10/site-packages/variety/plugins/builtin/__init__.py'
INFO: 2023-02-15 21:26:29,074: _walk_modules() 'Jumble loading module in QuotationsPageSource from /usr/lib/python3.10/site-packages/variety/plugins/builtin/quotes/QuotationsPageSource.py'
INFO: 2023-02-15 21:26:29,128: load() 'Jumble found plugin class: <class 'QuotationsPageSource.QuotationsPageSource'>: {'name': 'TheQuotationsPage.com', 'description': 'Fetches quotes from TheQuotationsPage.com', 'author': 'Peter Levi', 'version': '0.1'}'
INFO: 2023-02-15 21:26:29,129: _walk_modules() 'Jumble loading module in __init__ from /usr/lib/python3.10/site-packages/variety/plugins/builtin/quotes/__init__.py'
INFO: 2023-02-15 21:26:29,129: _walk_modules() 'Jumble loading module in LocalFilesSource from /usr/lib/python3.10/site-packages/variety/plugins/builtin/quotes/LocalFilesSource.py'
INFO: 2023-02-15 21:26:29,129: load() 'Jumble found plugin class: <class 'LocalFilesSource.LocalFilesSource'>: {'name': 'Local text files', 'description': 'Displays quotes, defined in local text files.\nPut your own txt files in: ~/.config/variety/pluginconfig/quotes/.\nThe file format is:\n\nquote -- author\n.\nsecond quote -- another author\n.\netc...\n\nExample: http://rvelthuis.de/zips/quotes.txt', 'author': 'Peter Levi', 'version': '0.1'}'
INFO: 2023-02-15 21:26:29,130: _walk_modules() 'Jumble loading module in FortuneSource from /usr/lib/python3.10/site-packages/variety/plugins/builtin/quotes/FortuneSource.py'
INFO: 2023-02-15 21:26:29,131: load() 'Jumble found plugin class: <class 'FortuneSource.FortuneSource'>: {'name': 'UNIX fortune program', 'description': 'Displays quotes using the UNIX fortune program. You may want to install additional fortune packs, e.g. fortunes-bofh-excuses.', 'author': 'Dan Jones', 'version': '0.1'}'
INFO: 2023-02-15 21:26:29,131: _walk_modules() 'Jumble loading module in GoodreadsSource from /usr/lib/python3.10/site-packages/variety/plugins/builtin/quotes/GoodreadsSource.py'
INFO: 2023-02-15 21:26:29,132: load() 'Jumble found plugin class: <class 'GoodreadsSource.GoodreadsSource'>: {'name': 'Goodreads', 'description': 'Fetches quotes from Goodreads.com', 'author': 'Peter Levi', 'version': '0.1'}'
INFO: 2023-02-15 21:26:29,132: _walk_modules() 'Jumble loading module in UrbanDictionarySource from /usr/lib/python3.10/site-packages/variety/plugins/builtin/quotes/UrbanDictionarySource.py'
INFO: 2023-02-15 21:26:29,132: load() 'Jumble found plugin class: <class 'UrbanDictionarySource.UrbanDictionarySource'>: {'name': 'Urban Dictionary', 'description': 'Displays definitions from Urban Dictionary', 'author': 'James Miller', 'version': '0.1'}'
INFO: 2023-02-15 21:26:29,133: _walk_modules() 'Jumble loading module in __init__ from /usr/lib/python3.10/site-packages/variety/plugins/builtin/display_modes/__init__.py'
INFO: 2023-02-15 21:26:29,133: _walk_modules() 'Jumble loading module in LegacyDisplayModesPlugin from /usr/lib/python3.10/site-packages/variety/plugins/builtin/display_modes/LegacyDisplayModesPlugin.py'
INFO: 2023-02-15 21:26:29,133: load() 'Jumble found plugin class: <class 'LegacyDisplayModesPlugin.LegacyDisplayModesPlugin'>: {'name': 'LegacyDisplayModesPlugin', 'description': 'Legacy display mode for compatibility with past Variety versions', 'version': '1.0', 'author': 'Peter Levi'}'
INFO: 2023-02-15 21:26:29,134: _walk_modules() 'Jumble loading module in GnomeDisplayModesPlugin from /usr/lib/python3.10/site-packages/variety/plugins/builtin/display_modes/GnomeDisplayModesPlugin.py'
INFO: 2023-02-15 21:26:29,134: load() 'Jumble found plugin class: <class 'GnomeDisplayModesPlugin.GnomeDisplayModesPlugin'>: {'name': 'GnomeDisplayModesPlugin', 'description': 'Display modes relying on the underlying desktop environment', 'version': '1.0', 'author': 'Peter Levi'}'
INFO: 2023-02-15 21:26:29,134: _walk_modules() 'Jumble loading module in ResizingDisplayModesPlugin from /usr/lib/python3.10/site-packages/variety/plugins/builtin/display_modes/ResizingDisplayModesPlugin.py'
INFO: 2023-02-15 21:26:29,135: load() 'Jumble found plugin class: <class 'ResizingDisplayModesPlugin.ResizingDisplayModesPlugin'>: {'name': 'ResizingDisplayModesPlugin', 'description': 'Display modes that use image resizing within Variety', 'version': '1.0', 'author': 'Peter Levi'}'
INFO: 2023-02-15 21:26:29,135: _walk_modules() 'Jumble loading module in NationalGeographicDownloader from /usr/lib/python3.10/site-packages/variety/plugins/builtin/downloaders/NationalGeographicDownloader.py'
INFO: 2023-02-15 21:26:29,136: load() 'Jumble found plugin class: <class 'NationalGeographicDownloader.NationalGeographicDownloader'>: {'name': 'NationalGeographicDownloader', 'description': "National Geographic's photo of the day", 'author': 'Eric Rösch', 'version': '0.1'}'
INFO: 2023-02-15 21:26:29,136: _walk_modules() 'Jumble loading module in RedditSource from /usr/lib/python3.10/site-packages/variety/plugins/builtin/downloaders/RedditSource.py'
INFO: 2023-02-15 21:26:29,137: load() 'Jumble found plugin class: <class 'RedditSource.RedditSource'>: {'name': 'RedditSource', 'description': 'Configurable source for fetching images from Reddit', 'author': 'Peter Levi', 'version': '0.1'}'
INFO: 2023-02-15 21:26:29,138: _walk_modules() 'Jumble loading module in WallhavenSource from /usr/lib/python3.10/site-packages/variety/plugins/builtin/downloaders/WallhavenSource.py'
INFO: 2023-02-15 21:26:29,139: load() 'Jumble found plugin class: <class 'WallhavenSource.WallhavenSource'>: {'name': 'WallhavenSource', 'description': 'Configurable source for fetching images from Wallhaven.cc', 'author': 'Peter Levi', 'version': '0.1'}'
INFO: 2023-02-15 21:26:29,139: _walk_modules() 'Jumble loading module in BingDownloader from /usr/lib/python3.10/site-packages/variety/plugins/builtin/downloaders/BingDownloader.py'
INFO: 2023-02-15 21:26:29,140: load() 'Jumble found plugin class: <class 'BingDownloader.BingDownloader'>: {'name': 'BingDownloader', 'description': 'Bing Photo of the Day', 'author': 'Peter Levi', 'version': '0.1'}'
INFO: 2023-02-15 21:26:29,140: _walk_modules() 'Jumble loading module in WallhavenDownloader from /usr/lib/python3.10/site-packages/variety/plugins/builtin/downloaders/WallhavenDownloader.py'
INFO: 2023-02-15 21:26:29,141: _walk_modules() 'Jumble loading module in UnsplashConfigurableSource from /usr/lib/python3.10/site-packages/variety/plugins/builtin/downloaders/UnsplashConfigurableSource.py'
INFO: 2023-02-15 21:26:29,142: load() 'Jumble found plugin class: <class 'UnsplashConfigurableSource.UnsplashConfigurableSource'>: {'name': 'UnsplashConfigurableSource', 'description': 'Configurable source for fetching photos from Unsplash.com', 'author': 'Peter Levi', 'version': '0.1'}'
INFO: 2023-02-15 21:26:29,143: _walk_modules() 'Jumble loading module in ArtStationSource from /usr/lib/python3.10/site-packages/variety/plugins/builtin/downloaders/ArtStationSource.py'
INFO: 2023-02-15 21:26:29,143: load() 'Jumble found plugin class: <class 'ArtStationSource.ArtStationSource'>: {'name': 'ArtStationSource', 'description': 'Configurable source for fetching images from ArtStation', 'author': 'Denis Gordeev', 'version': '0.1'}'
INFO: 2023-02-15 21:26:29,144: _walk_modules() 'Jumble loading module in APODDownloader from /usr/lib/python3.10/site-packages/variety/plugins/builtin/downloaders/APODDownloader.py'
INFO: 2023-02-15 21:26:29,144: load() 'Jumble found plugin class: <class 'APODDownloader.APODDownloader'>: {'name': 'APODDownloader', 'description': 'NASA Astro Pic of the Day', 'author': 'Peter Levi', 'version': '0.1'}'
INFO: 2023-02-15 21:26:29,145: _walk_modules() 'Jumble loading module in ArtStationDownloader from /usr/lib/python3.10/site-packages/variety/plugins/builtin/downloaders/ArtStationDownloader.py'
INFO: 2023-02-15 21:26:29,145: _walk_modules() 'Jumble loading module in __init__ from /usr/lib/python3.10/site-packages/variety/plugins/builtin/downloaders/__init__.py'
INFO: 2023-02-15 21:26:29,146: _walk_modules() 'Jumble loading module in UnsplashDownloader from /usr/lib/python3.10/site-packages/variety/plugins/builtin/downloaders/UnsplashDownloader.py'
INFO: 2023-02-15 21:26:29,146: load() 'Jumble found plugin class: <class 'UnsplashDownloader.UnsplashDownloader'>: {'name': 'UnsplashDownloader', 'description': 'High-resolution photos from Unsplash.com', 'author': 'Peter Levi', 'version': '0.1'}'
INFO: 2023-02-15 21:26:29,146: _walk_modules() 'Jumble loading module in RedditDownloader from /usr/lib/python3.10/site-packages/variety/plugins/builtin/downloaders/RedditDownloader.py'
INFO: 2023-02-15 21:26:29,147: _walk_modules() 'Jumble loading module in WallhavenLegacyDownloader from /usr/lib/python3.10/site-packages/variety/plugins/builtin/downloaders/WallhavenLegacyDownloader.py'
INFO: 2023-02-15 21:26:29,148: _walk_modules() 'Jumble loading module in MediaRSSSource from /usr/lib/python3.10/site-packages/variety/plugins/builtin/downloaders/MediaRSSSource.py'
INFO: 2023-02-15 21:26:29,149: load() 'Jumble found plugin class: <class 'MediaRSSSource.MediaRSSSource'>: {'name': 'MediaRSSSource', 'description': 'Configurable source for fetching images from MediaRSS feeds', 'author': 'Peter Levi', 'version': '0.1'}'
INFO: 2023-02-15 21:26:29,149: _walk_modules() 'Jumble loading module in MediaRSSDownloader from /usr/lib/python3.10/site-packages/variety/plugins/builtin/downloaders/MediaRSSDownloader.py'
INFO: 2023-02-15 21:26:29,150: _walk_modules() 'Jumble loading module in EarthviewDownloader from /usr/lib/python3.10/site-packages/variety/plugins/builtin/downloaders/EarthviewDownloader.py'
INFO: 2023-02-15 21:26:29,150: load() 'Jumble found plugin class: <class 'EarthviewDownloader.EarthviewDownloader'>: {'name': 'EarthviewDownloader', 'description': 'Google Earth View Wallpapers', 'author': 'Peter Levi', 'version': '0.1'}'
INFO: 2023-02-15 21:26:29,151: makedirs() 'Creating folder /home/t1gu1/.config/variety/pluginconfig/downloaders'
WARNING: 2023-02-15 21:26:29,155: load_history() 'Could not load history file, continuing without it, no worries'
INFO: 2023-02-15 21:26:29,167: makedirs() 'Creating folder /home/t1gu1/.config/variety/Downloaded'
INFO: 2023-02-15 21:26:29,167: makedirs() 'Creating folder /home/t1gu1/.config/variety/Favorites'
INFO: 2023-02-15 21:26:29,167: makedirs() 'Creating folder /home/t1gu1/.config/variety/Fetched'
INFO: 2023-02-15 21:26:29,168: reload_config() 'Creating new downloader for type flickr, location user:www.flickr.com/photos/peter-levi/;user_id:93647178@N00;'
INFO: 2023-02-15 21:26:29,168: makedirs() 'Creating folder /home/t1gu1/.config/variety/Downloaded/flickr_user_www_flickr_com_photos_peter_levi__user_id_93647178_N00_'
INFO: 2023-02-15 21:26:29,168: log_options() 'Loaded options:'
INFO: 2023-02-15 21:26:29,168: log_options() 'change_enabled = True'
INFO: 2023-02-15 21:26:29,168: log_options() 'change_interval = 300'
INFO: 2023-02-15 21:26:29,168: log_options() 'change_on_start = False'
INFO: 2023-02-15 21:26:29,168: log_options() 'clipboard_enabled = False'
INFO: 2023-02-15 21:26:29,168: log_options() 'clipboard_hosts = ['wallhaven.cc', 'wallpapers.net', 'flickr.com', 'imgur.com', 'deviantart.com', 'interfacelift.com', 'vladstudio.com', 'imageshack.us', 'deviantart.net', 'imageshack.com']'
INFO: 2023-02-15 21:26:29,168: log_options() 'clipboard_use_whitelist = True'
INFO: 2023-02-15 21:26:29,168: log_options() 'clock_date_font = Serif 30'
INFO: 2023-02-15 21:26:29,169: log_options() 'clock_enabled = False'
INFO: 2023-02-15 21:26:29,169: log_options() 'clock_filter = -density 100 -font `fc-match -f '%{file[0]}' '%CLOCK_FONT_NAME'` -pointsize %CLOCK_FONT_SIZE -gravity SouthEast -fill '#00000044' -annotate 0x0+[%HOFFSET+58]+[%VOFFSET+108] '%H:%M' -fill white -annotate 0x0+[%HOFFSET+60]+[%VOFFSET+110] '%H:%M' -font `fc-match -f '%{file[0]}' '%DATE_FONT_NAME'` -pointsize %DATE_FONT_SIZE -fill '#00000044' -annotate 0x0+[%HOFFSET+58]+[%VOFFSET+58] '%A, %B %d' -fill white -annotate 0x0+[%HOFFSET+60]+[%VOFFSET+60] '%A, %B %d''
INFO: 2023-02-15 21:26:29,169: log_options() 'clock_font = Serif 70'
INFO: 2023-02-15 21:26:29,169: log_options() 'configfile = /home/t1gu1/.config/variety/variety.conf'
INFO: 2023-02-15 21:26:29,169: log_options() 'copyto_enabled = False'
INFO: 2023-02-15 21:26:29,169: log_options() 'copyto_folder = Default'
INFO: 2023-02-15 21:26:29,169: log_options() 'desired_color = None'
INFO: 2023-02-15 21:26:29,169: log_options() 'desired_color_enabled = False'
INFO: 2023-02-15 21:26:29,169: log_options() 'download_folder = /home/t1gu1/.config/variety/Downloaded'
INFO: 2023-02-15 21:26:29,169: log_options() 'download_preference_ratio = 0.9'
INFO: 2023-02-15 21:26:29,169: log_options() 'favorites_folder = /home/t1gu1/.config/variety/Favorites'
INFO: 2023-02-15 21:26:29,169: log_options() 'favorites_operations = [['Downloaded', 'Copy'], ['Fetched', 'Move'], ['Others', 'Copy']]'
INFO: 2023-02-15 21:26:29,169: log_options() 'fetched_folder = /home/t1gu1/.config/variety/Fetched'
INFO: 2023-02-15 21:26:29,169: log_options() 'filters = [[False, 'Keep original', ''], [False, 'Grayscale', '-type Grayscale'], [False, 'Heavy blur', '-scale 20% -blur 0x10 -resize 500%'], [False, 'Soft blur', '-scale 20% -blur 0x2 -resize 500%'], [False, 'Oil painting', '-paint 8'], [False, 'Pointilism', '-spread 10 -noise 3'], [False, 'Pixellate', '-scale 3% -scale 3333%']]'
INFO: 2023-02-15 21:26:29,169: log_options() 'get_wallpaper_script = /home/t1gu1/.config/variety/scripts/get_wallpaper'
INFO: 2023-02-15 21:26:29,169: log_options() 'icon = Light'
INFO: 2023-02-15 21:26:29,169: log_options() 'internet_enabled = True'
INFO: 2023-02-15 21:26:29,169: log_options() 'lightness_enabled = False'
INFO: 2023-02-15 21:26:29,169: log_options() 'lightness_mode = 0'
INFO: 2023-02-15 21:26:29,169: log_options() 'min_rating = 4'
INFO: 2023-02-15 21:26:29,169: log_options() 'min_rating_enabled = False'
INFO: 2023-02-15 21:26:29,169: log_options() 'min_size = 80'
INFO: 2023-02-15 21:26:29,169: log_options() 'min_size_enabled = False'
INFO: 2023-02-15 21:26:29,169: log_options() 'quota_enabled = True'
INFO: 2023-02-15 21:26:29,169: log_options() 'quota_size = 1000'
INFO: 2023-02-15 21:26:29,170: log_options() 'quotes_authors = '
INFO: 2023-02-15 21:26:29,170: log_options() 'quotes_bg_color = [80, 80, 80]'
INFO: 2023-02-15 21:26:29,170: log_options() 'quotes_bg_opacity = 55'
INFO: 2023-02-15 21:26:29,170: log_options() 'quotes_change_enabled = False'
INFO: 2023-02-15 21:26:29,170: log_options() 'quotes_change_interval = 300'
INFO: 2023-02-15 21:26:29,170: log_options() 'quotes_disabled_sources = ['Urban Dictionary']'
INFO: 2023-02-15 21:26:29,170: log_options() 'quotes_enabled = False'
INFO: 2023-02-15 21:26:29,170: log_options() 'quotes_favorites_file = /home/t1gu1/.config/variety/favorite_quotes.txt'
INFO: 2023-02-15 21:26:29,170: log_options() 'quotes_font = Serif 30'
INFO: 2023-02-15 21:26:29,170: log_options() 'quotes_hpos = 100'
INFO: 2023-02-15 21:26:29,170: log_options() 'quotes_max_length = 250'
INFO: 2023-02-15 21:26:29,170: log_options() 'quotes_tags = '
INFO: 2023-02-15 21:26:29,170: log_options() 'quotes_text_color = [255, 255, 255]'
INFO: 2023-02-15 21:26:29,170: log_options() 'quotes_text_shadow = False'
INFO: 2023-02-15 21:26:29,170: log_options() 'quotes_vpos = 40'
INFO: 2023-02-15 21:26:29,170: log_options() 'quotes_width = 70'
INFO: 2023-02-15 21:26:29,170: log_options() 'safe_mode = False'
INFO: 2023-02-15 21:26:29,170: log_options() 'set_wallpaper_script = /home/t1gu1/.config/variety/scripts/set_wallpaper'
INFO: 2023-02-15 21:26:29,170: log_options() 'slideshow_custom_enabled = False'
INFO: 2023-02-15 21:26:29,170: log_options() 'slideshow_custom_folder = /home/t1gu1/Pictures'
INFO: 2023-02-15 21:26:29,170: log_options() 'slideshow_downloads_enabled = False'
INFO: 2023-02-15 21:26:29,170: log_options() 'slideshow_fade = 0.4'
INFO: 2023-02-15 21:26:29,170: log_options() 'slideshow_favorites_enabled = True'
INFO: 2023-02-15 21:26:29,170: log_options() 'slideshow_mode = Fullscreen'
INFO: 2023-02-15 21:26:29,170: log_options() 'slideshow_monitor = All'
INFO: 2023-02-15 21:26:29,170: log_options() 'slideshow_pan = 0.05'
INFO: 2023-02-15 21:26:29,170: log_options() 'slideshow_seconds = 6.0'
INFO: 2023-02-15 21:26:29,171: log_options() 'slideshow_sort_order = Random'
INFO: 2023-02-15 21:26:29,171: log_options() 'slideshow_sources_enabled = True'
INFO: 2023-02-15 21:26:29,171: log_options() 'slideshow_zoom = 0.2'
INFO: 2023-02-15 21:26:29,171: log_options() 'smart_enabled = False'
INFO: 2023-02-15 21:26:29,171: log_options() 'smart_notice_shown = False'
INFO: 2023-02-15 21:26:29,171: log_options() 'smart_register_shown = False'
INFO: 2023-02-15 21:26:29,171: log_options() 'sources = [[True, 'favorites', 'The Favorites folder'], [True, 'fetched', 'The Fetched folder'], [True, 'folder', '/usr/share/backgrounds'], [True, 'flickr', 'user:www.flickr.com/photos/peter-levi/;user_id:93647178@N00;'], [False, 'apod', 'NASA Astro Pic of the Day'], [False, 'bing', 'Bing Photo of the Day'], [False, 'earthview', 'Google Earth View Wallpapers'], [False, 'natgeo', "National Geographic's photo of the day"], [False, 'unsplash', 'High-resolution photos from Unsplash.com']]'
INFO: 2023-02-15 21:26:29,171: log_options() 'stats_enabled = True'
INFO: 2023-02-15 21:26:29,171: log_options() 'stats_notice_shown = False'
INFO: 2023-02-15 21:26:29,171: log_options() 'sync_enabled = True'
INFO: 2023-02-15 21:26:29,171: log_options() 'use_landscape_enabled = True'
INFO: 2023-02-15 21:26:29,171: log_options() 'wallhaven_api_key = '
INFO: 2023-02-15 21:26:29,171: log_options() 'wallpaper_auto_rotate = False'
INFO: 2023-02-15 21:26:29,171: log_options() 'wallpaper_display_mode = os'
INFO: 2023-02-15 21:26:29,171: reload_config() 'No need to clear prepared queue'
INFO: 2023-02-15 21:26:29,171: update_indicator() 'Setting file info to: /usr/share/backgrounds/gnome/adwaita-l.webp'
INFO: 2023-02-15 21:26:29,174: load_banned() 'Missing or invalid banned URLs list, no URLs will be banned'
INFO: 2023-02-15 21:26:29,174: load_last_change_time() 'Change interval < 6 hours, ignore persisted last_change_time, wait initially the whole interval: 300'
INFO: 2023-02-15 21:26:29,174: update_indicator() 'Setting file info to: /usr/share/backgrounds/gnome/adwaita-l.webp'
INFO: 2023-02-15 21:26:29,174: regular_change_thread() 'regular_change thread running'
INFO: 2023-02-15 21:26:29,174: prepare_thread() 'Prepare thread running'
INFO: 2023-02-15 21:26:29,174: prepare_thread() 'Prepared buffer contains 0 images'
INFO: 2023-02-15 21:26:29,174: prepare_thread() 'Preparing some images'
INFO: 2023-02-15 21:26:29,175: get_throttling() 'Flickr: parsing serverside options'
INFO: 2023-02-15 21:26:29,175: get_throttling() 'Could not parse Flickr serverside options, using defaults 120, 20'
INFO: 2023-02-15 21:26:29,175: get_throttling() 'Flickr: parsing serverside options'
INFO: 2023-02-15 21:26:29,175: get_throttling() 'Could not parse Flickr serverside options, using defaults 120, 20'
INFO: 2023-02-15 21:26:29,175: download_one() 'Flickr: Downloading an image, config: user:www.flickr.com/photos/peter-levi/;user_id:93647178@N00;'
INFO: 2023-02-15 21:26:29,176: download_one() 'Flickr: Queue size: 0'
INFO: 2023-02-15 21:26:29,176: get_throttling() 'Flickr: parsing serverside options'
INFO: 2023-02-15 21:26:29,176: get_throttling() 'Could not parse Flickr serverside options, using defaults 120, 20'
INFO: 2023-02-15 21:26:29,176: download_one() 'Flickr: Filling queue'
INFO: 2023-02-15 21:26:29,176: fetch() 'Making flickr API call: https://api.flickr.com/services/rest/?method=flickr.photos.search&api_key=0553a848c09bcfd21d3a984d9408c04e&per_page=500&tag_mode=all&format=json&nojsoncallback=1&user_id=93647178@N00'
INFO: 2023-02-15 21:26:29,178: update_indicator_icon() 'Creating indicator'
WARNING: 2023-02-15 21:26:29,188: create_menu() 'Variety Slideshow is not installed. This is an optional extension adding pan-and-zoom slideshows to Variety: see https://github.com/peterlevi/variety-slideshow for details'
INFO: 2023-02-15 21:26:29,189: create_indicator() 'indicator backend: AppIndicator3'
INFO: 2023-02-15 21:26:29,193: set_from_theme_icon() 'Showing indicator icon variety-indicator from GTK theme'
INFO: 2023-02-15 21:26:29,245: prepare_thread() 'After search prepared buffer contains 10 images'
INFO: 2023-02-15 21:26:29,274: do_set_wp() 'Calling do_set_wp with /usr/share/backgrounds/gnome/adwaita-l.webp, time: 1676514389.2743127'
INFO: 2023-02-15 21:26:29,274: do_set_wp() 'Missing file or bad permissions, will not use it: /usr/share/backgrounds/gnome/adwaita-l.webp'
INFO: 2023-02-15 21:26:29,424: fill_queue() '1 pages in the search results, using page 1'
INFO: 2023-02-15 21:26:29,424: fetch() 'Making flickr API call: https://api.flickr.com/services/rest/?method=flickr.photos.search&api_key=0553a848c09bcfd21d3a984d9408c04e&per_page=500&tag_mode=all&format=json&nojsoncallback=1&user_id=93647178@N00&extras=owner_name,description,tags,o_dims,url_o,url_k,url_h,url_l&page=1'
INFO: 2023-02-15 21:26:29,627: reload() 'Reloading preferences dialog'
INFO: 2023-02-15 21:26:29,727: process_photos_in_response() 'Queue size is 0, populating with images for size suffix o'
INFO: 2023-02-15 21:26:29,739: download_one() 'Flickr: Queue populated with 81 URLs'
INFO: 2023-02-15 21:26:29,739: save_locally() 'Origin URL: https://www.flickr.com/photos/93647178@N00/7527796534'
INFO: 2023-02-15 21:26:29,739: save_locally() 'Image URL: https://live.staticflickr.com/7276/7527796534_17a04ac35f_o.jpg'
INFO: 2023-02-15 21:26:29,739: save_locally() 'Local path: /home/t1gu1/.config/variety/Downloaded/flickr_user_www_flickr_com_photos_peter_levi__user_id_93647178_N00_/7527796534_17a04ac35f_o.jpg'
INFO: 2023-02-15 21:26:30,082: save_locally() 'Download complete'
INFO: 2023-02-15 21:26:30,083: update_indicator() 'Setting file info to: /usr/share/backgrounds/gnome/adwaita-l.webp'
INFO: 2023-02-15 21:26:30,084: download_one_from() 'Adding downloaded file /home/t1gu1/.config/variety/Downloaded/flickr_user_www_flickr_com_photos_peter_levi__user_id_93647178_N00_/7527796534_17a04ac35f_o.jpg to unseen_downloads'
INFO: 2023-02-15 21:26:31,086: get_throttling() 'Flickr: parsing serverside options'
INFO: 2023-02-15 21:26:31,086: get_throttling() 'Could not parse Flickr serverside options, using defaults 120, 20'
INFO: 2023-02-15 21:26:31,086: get_throttling() 'Flickr: parsing serverside options'
INFO: 2023-02-15 21:26:31,087: get_throttling() 'Could not parse Flickr serverside options, using defaults 120, 20'
INFO: 2023-02-15 21:26:31,087: download_one() 'Flickr: Downloading an image, config: user:www.flickr.com/photos/peter-levi/;user_id:93647178@N00;'
INFO: 2023-02-15 21:26:31,087: download_one() 'Flickr: Queue size: 80'
INFO: 2023-02-15 21:26:31,087: download_one() 'Flickr: Queue populated with 80 URLs'
INFO: 2023-02-15 21:26:31,087: save_locally() 'Origin URL: https://www.flickr.com/photos/93647178@N00/7527829258'
INFO: 2023-02-15 21:26:31,087: save_locally() 'Image URL: https://live.staticflickr.com/7257/7527829258_631f4e73ec_o.jpg'
INFO: 2023-02-15 21:26:31,088: save_locally() 'Local path: /home/t1gu1/.config/variety/Downloaded/flickr_user_www_flickr_com_photos_peter_levi__user_id_93647178_N00_/7527829258_631f4e73ec_o.jpg'
INFO: 2023-02-15 21:26:31,245: trigger_download() 'Triggering download thread to check if download needed and possible'
INFO: 2023-02-15 21:26:31,491: save_locally() 'Download complete'
INFO: 2023-02-15 21:26:31,491: update_indicator() 'Setting file info to: /usr/share/backgrounds/gnome/adwaita-l.webp'
INFO: 2023-02-15 21:26:31,492: list_files() 'More than 1 files in the folders, stop listing'
INFO: 2023-02-15 21:26:31,492: download_one_from() 'Adding downloaded file /home/t1gu1/.config/variety/Downloaded/flickr_user_www_flickr_com_photos_peter_levi__user_id_93647178_N00_/7527829258_631f4e73ec_o.jpg to unseen_downloads'
INFO: 2023-02-15 21:26:32,494: get_throttling() 'Flickr: parsing serverside options'
INFO: 2023-02-15 21:26:32,494: get_throttling() 'Could not parse Flickr serverside options, using defaults 120, 20'
INFO: 2023-02-15 21:26:32,494: get_throttling() 'Flickr: parsing serverside options'
INFO: 2023-02-15 21:26:32,494: get_throttling() 'Could not parse Flickr serverside options, using defaults 120, 20'
INFO: 2023-02-15 21:26:32,494: download_one() 'Flickr: Downloading an image, config: user:www.flickr.com/photos/peter-levi/;user_id:93647178@N00;'
INFO: 2023-02-15 21:26:32,494: download_one() 'Flickr: Queue size: 79'
INFO: 2023-02-15 21:26:32,494: download_one() 'Flickr: Queue populated with 79 URLs'
INFO: 2023-02-15 21:26:32,495: save_locally() 'Origin URL: https://www.flickr.com/photos/93647178@N00/7527827332'
INFO: 2023-02-15 21:26:32,495: save_locally() 'Image URL: https://live.staticflickr.com/7268/7527827332_6a52fc26d3_o.jpg'
INFO: 2023-02-15 21:26:32,495: save_locally() 'Local path: /home/t1gu1/.config/variety/Downloaded/flickr_user_www_flickr_com_photos_peter_levi__user_id_93647178_N00_/7527827332_6a52fc26d3_o.jpg'
INFO: 2023-02-15 21:26:32,777: save_locally() 'Download complete'
INFO: 2023-02-15 21:26:32,777: update_indicator() 'Setting file info to: /usr/share/backgrounds/gnome/adwaita-l.webp'
INFO: 2023-02-15 21:26:32,777: list_files() 'More than 1 files in the folders, stop listing'
INFO: 2023-02-15 21:26:32,778: download_one_from() 'Adding downloaded file /home/t1gu1/.config/variety/Downloaded/flickr_user_www_flickr_com_photos_peter_levi__user_id_93647178_N00_/7527827332_6a52fc26d3_o.jpg to unseen_downloads'
INFO: 2023-02-15 21:26:33,780: get_throttling() 'Flickr: parsing serverside options'
INFO: 2023-02-15 21:26:33,780: get_throttling() 'Could not parse Flickr serverside options, using defaults 120, 20'
INFO: 2023-02-15 21:26:33,780: get_throttling() 'Flickr: parsing serverside options'
INFO: 2023-02-15 21:26:33,780: get_throttling() 'Could not parse Flickr serverside options, using defaults 120, 20'
INFO: 2023-02-15 21:26:33,781: download_one() 'Flickr: Downloading an image, config: user:www.flickr.com/photos/peter-levi/;user_id:93647178@N00;'
INFO: 2023-02-15 21:26:33,781: download_one() 'Flickr: Queue size: 78'
INFO: 2023-02-15 21:26:33,781: download_one() 'Flickr: Queue populated with 78 URLs'
INFO: 2023-02-15 21:26:33,781: save_locally() 'Origin URL: https://www.flickr.com/photos/93647178@N00/7527958666'
INFO: 2023-02-15 21:26:33,781: save_locally() 'Image URL: https://live.staticflickr.com/8154/7527958666_fd9466964a_o.jpg'
INFO: 2023-02-15 21:26:33,781: save_locally() 'Local path: /home/t1gu1/.config/variety/Downloaded/flickr_user_www_flickr_com_photos_peter_levi__user_id_93647178_N00_/7527958666_fd9466964a_o.jpg'
INFO: 2023-02-15 21:26:34,158: save_locally() 'Download complete'
INFO: 2023-02-15 21:26:34,158: update_indicator() 'Setting file info to: /usr/share/backgrounds/gnome/adwaita-l.webp'
INFO: 2023-02-15 21:26:34,159: list_files() 'More than 1 files in the folders, stop listing'
INFO: 2023-02-15 21:26:34,160: download_one_from() 'Adding downloaded file /home/t1gu1/.config/variety/Downloaded/flickr_user_www_flickr_com_photos_peter_levi__user_id_93647178_N00_/7527958666_fd9466964a_o.jpg to unseen_downloads'
INFO: 2023-02-15 21:26:35,162: get_throttling() 'Flickr: parsing serverside options'
INFO: 2023-02-15 21:26:35,163: get_throttling() 'Could not parse Flickr serverside options, using defaults 120, 20'
INFO: 2023-02-15 21:26:35,163: get_throttling() 'Flickr: parsing serverside options'
INFO: 2023-02-15 21:26:35,163: get_throttling() 'Could not parse Flickr serverside options, using defaults 120, 20'
INFO: 2023-02-15 21:26:35,163: download_one() 'Flickr: Downloading an image, config: user:www.flickr.com/photos/peter-levi/;user_id:93647178@N00;'
INFO: 2023-02-15 21:26:35,163: download_one() 'Flickr: Queue size: 77'
INFO: 2023-02-15 21:26:35,164: download_one() 'Flickr: Queue populated with 77 URLs'
INFO: 2023-02-15 21:26:35,164: save_locally() 'Origin URL: https://www.flickr.com/photos/93647178@N00/7527921052'
INFO: 2023-02-15 21:26:35,164: save_locally() 'Image URL: https://live.staticflickr.com/8145/7527921052_6a697ef126_o.jpg'
INFO: 2023-02-15 21:26:35,164: save_locally() 'Local path: /home/t1gu1/.config/variety/Downloaded/flickr_user_www_flickr_com_photos_peter_levi__user_id_93647178_N00_/7527921052_6a697ef126_o.jpg'
INFO: 2023-02-15 21:26:35,494: save_locally() 'Download complete'
INFO: 2023-02-15 21:26:35,494: update_indicator() 'Setting file info to: /usr/share/backgrounds/gnome/adwaita-l.webp'
INFO: 2023-02-15 21:26:35,494: list_files() 'More than 1 files in the folders, stop listing'
INFO: 2023-02-15 21:26:35,495: download_one_from() 'Adding downloaded file /home/t1gu1/.config/variety/Downloaded/flickr_user_www_flickr_com_photos_peter_levi__user_id_93647178_N00_/7527921052_6a697ef126_o.jpg to unseen_downloads'
INFO: 2023-02-15 21:26:36,496: get_throttling() 'Flickr: parsing serverside options'
INFO: 2023-02-15 21:26:36,497: get_throttling() 'Could not parse Flickr serverside options, using defaults 120, 20'
INFO: 2023-02-15 21:26:36,497: get_throttling() 'Flickr: parsing serverside options'
INFO: 2023-02-15 21:26:36,497: get_throttling() 'Could not parse Flickr serverside options, using defaults 120, 20'
INFO: 2023-02-15 21:26:36,497: download_one() 'Flickr: Downloading an image, config: user:www.flickr.com/photos/peter-levi/;user_id:93647178@N00;'
INFO: 2023-02-15 21:26:36,497: download_one() 'Flickr: Queue size: 76'
INFO: 2023-02-15 21:26:36,497: download_one() 'Flickr: Queue populated with 76 URLs'
INFO: 2023-02-15 21:26:36,498: save_locally() 'Origin URL: https://www.flickr.com/photos/93647178@N00/7527956990'
INFO: 2023-02-15 21:26:36,498: save_locally() 'Image URL: https://live.staticflickr.com/8146/7527956990_a6b06f45ca_o.jpg'
INFO: 2023-02-15 21:26:36,498: save_locally() 'Local path: /home/t1gu1/.config/variety/Downloaded/flickr_user_www_flickr_com_photos_peter_levi__user_id_93647178_N00_/7527956990_a6b06f45ca_o.jpg'
INFO: 2023-02-15 21:26:36,776: save_locally() 'Download complete'
INFO: 2023-02-15 21:26:36,777: update_indicator() 'Setting file info to: /usr/share/backgrounds/gnome/adwaita-l.webp'
INFO: 2023-02-15 21:26:36,777: list_files() 'More than 1 files in the folders, stop listing'
INFO: 2023-02-15 21:26:36,778: download_one_from() 'Adding downloaded file /home/t1gu1/.config/variety/Downloaded/flickr_user_www_flickr_com_photos_peter_levi__user_id_93647178_N00_/7527956990_a6b06f45ca_o.jpg to unseen_downloads'
INFO: 2023-02-15 21:26:37,780: get_throttling() 'Flickr: parsing serverside options'
INFO: 2023-02-15 21:26:37,780: get_throttling() 'Could not parse Flickr serverside options, using defaults 120, 20'
INFO: 2023-02-15 21:26:37,780: get_throttling() 'Flickr: parsing serverside options'
INFO: 2023-02-15 21:26:37,780: get_throttling() 'Could not parse Flickr serverside options, using defaults 120, 20'
INFO: 2023-02-15 21:26:37,780: download_one() 'Flickr: Downloading an image, config: user:www.flickr.com/photos/peter-levi/;user_id:93647178@N00;'
INFO: 2023-02-15 21:26:37,781: download_one() 'Flickr: Queue size: 75'
INFO: 2023-02-15 21:26:37,781: download_one() 'Flickr: Queue populated with 75 URLs'
INFO: 2023-02-15 21:26:37,781: save_locally() 'Origin URL: https://www.flickr.com/photos/93647178@N00/7527962990'
INFO: 2023-02-15 21:26:37,781: save_locally() 'Image URL: https://live.staticflickr.com/7266/7527962990_fa1be9ba30_o.jpg'
INFO: 2023-02-15 21:26:37,781: save_locally() 'Local path: /home/t1gu1/.config/variety/Downloaded/flickr_user_www_flickr_com_photos_peter_levi__user_id_93647178_N00_/7527962990_fa1be9ba30_o.jpg'
INFO: 2023-02-15 21:26:38,152: save_locally() 'Download complete'
INFO: 2023-02-15 21:26:38,152: update_indicator() 'Setting file info to: /usr/share/backgrounds/gnome/adwaita-l.webp'
INFO: 2023-02-15 21:26:38,153: list_files() 'More than 1 files in the folders, stop listing'
INFO: 2023-02-15 21:26:38,154: download_one_from() 'Adding downloaded file /home/t1gu1/.config/variety/Downloaded/flickr_user_www_flickr_com_photos_peter_levi__user_id_93647178_N00_/7527962990_fa1be9ba30_o.jpg to unseen_downloads'
INFO: 2023-02-15 21:26:39,157: get_throttling() 'Flickr: parsing serverside options'
INFO: 2023-02-15 21:26:39,157: get_throttling() 'Could not parse Flickr serverside options, using defaults 120, 20'
INFO: 2023-02-15 21:26:39,164: get_throttling() 'Flickr: parsing serverside options'
INFO: 2023-02-15 21:26:39,164: get_throttling() 'Could not parse Flickr serverside options, using defaults 120, 20'
INFO: 2023-02-15 21:26:39,164: download_one() 'Flickr: Downloading an image, config: user:www.flickr.com/photos/peter-levi/;user_id:93647178@N00;'
INFO: 2023-02-15 21:26:39,164: download_one() 'Flickr: Queue size: 74'
INFO: 2023-02-15 21:26:39,164: download_one() 'Flickr: Queue populated with 74 URLs'
INFO: 2023-02-15 21:26:39,165: save_locally() 'Origin URL: https://www.flickr.com/photos/93647178@N00/7527828096'
INFO: 2023-02-15 21:26:39,165: save_locally() 'Image URL: https://live.staticflickr.com/7131/7527828096_f8dee24005_o.jpg'
INFO: 2023-02-15 21:26:39,165: save_locally() 'Local path: /home/t1gu1/.config/variety/Downloaded/flickr_user_www_flickr_com_photos_peter_levi__user_id_93647178_N00_/7527828096_f8dee24005_o.jpg'
INFO: 2023-02-15 21:26:39,453: save_locally() 'Download complete'
INFO: 2023-02-15 21:26:39,454: update_indicator() 'Setting file info to: /usr/share/backgrounds/gnome/adwaita-l.webp'
INFO: 2023-02-15 21:26:39,455: list_files() 'More than 1 files in the folders, stop listing'
INFO: 2023-02-15 21:26:39,455: download_one_from() 'Adding downloaded file /home/t1gu1/.config/variety/Downloaded/flickr_user_www_flickr_com_photos_peter_levi__user_id_93647178_N00_/7527828096_f8dee24005_o.jpg to unseen_downloads'
INFO: 2023-02-15 21:26:40,458: get_throttling() 'Flickr: parsing serverside options'
INFO: 2023-02-15 21:26:40,458: get_throttling() 'Could not parse Flickr serverside options, using defaults 120, 20'
INFO: 2023-02-15 21:26:40,458: get_throttling() 'Flickr: parsing serverside options'
INFO: 2023-02-15 21:26:40,458: get_throttling() 'Could not parse Flickr serverside options, using defaults 120, 20'
INFO: 2023-02-15 21:26:40,458: download_one() 'Flickr: Downloading an image, config: user:www.flickr.com/photos/peter-levi/;user_id:93647178@N00;'
INFO: 2023-02-15 21:26:40,459: download_one() 'Flickr: Queue size: 73'
INFO: 2023-02-15 21:26:40,459: download_one() 'Flickr: Queue populated with 73 URLs'
INFO: 2023-02-15 21:26:40,459: save_locally() 'Origin URL: https://www.flickr.com/photos/93647178@N00/7527956606'
INFO: 2023-02-15 21:26:40,459: save_locally() 'Image URL: https://live.staticflickr.com/7119/7527956606_1f29b8c20e_o.jpg'
INFO: 2023-02-15 21:26:40,459: save_locally() 'Local path: /home/t1gu1/.config/variety/Downloaded/flickr_user_www_flickr_com_photos_peter_levi__user_id_93647178_N00_/7527956606_1f29b8c20e_o.jpg'
INFO: 2023-02-15 21:26:40,725: save_locally() 'Download complete'
INFO: 2023-02-15 21:26:40,725: update_indicator() 'Setting file info to: /usr/share/backgrounds/gnome/adwaita-l.webp'
INFO: 2023-02-15 21:26:40,726: list_files() 'More than 1 files in the folders, stop listing'
INFO: 2023-02-15 21:26:40,727: download_one_from() 'Adding downloaded file /home/t1gu1/.config/variety/Downloaded/flickr_user_www_flickr_com_photos_peter_levi__user_id_93647178_N00_/7527956606_1f29b8c20e_o.jpg to unseen_downloads'
INFO: 2023-02-15 21:26:41,729: get_throttling() 'Flickr: parsing serverside options'
INFO: 2023-02-15 21:26:41,729: get_throttling() 'Could not parse Flickr serverside options, using defaults 120, 20'
INFO: 2023-02-15 21:26:41,729: get_throttling() 'Flickr: parsing serverside options'
INFO: 2023-02-15 21:26:41,729: get_throttling() 'Could not parse Flickr serverside options, using defaults 120, 20'
INFO: 2023-02-15 21:26:41,729: download_one() 'Flickr: Downloading an image, config: user:www.flickr.com/photos/peter-levi/;user_id:93647178@N00;'
INFO: 2023-02-15 21:26:41,729: download_one() 'Flickr: Queue size: 72'
INFO: 2023-02-15 21:26:41,729: download_one() 'Flickr: Queue populated with 72 URLs'
INFO: 2023-02-15 21:26:41,729: save_locally() 'Origin URL: https://www.flickr.com/photos/93647178@N00/7527948038'
INFO: 2023-02-15 21:26:41,729: save_locally() 'Image URL: https://live.staticflickr.com/8017/7527948038_a6bdcc0973_o.jpg'
INFO: 2023-02-15 21:26:41,729: save_locally() 'Local path: /home/t1gu1/.config/variety/Downloaded/flickr_user_www_flickr_com_photos_peter_levi__user_id_93647178_N00_/7527948038_a6bdcc0973_o.jpg'
INFO: 2023-02-15 21:26:42,023: save_locally() 'Download complete'
INFO: 2023-02-15 21:26:42,023: update_indicator() 'Setting file info to: /usr/share/backgrounds/gnome/adwaita-l.webp'
INFO: 2023-02-15 21:26:42,024: list_files() 'More than 1 files in the folders, stop listing'
INFO: 2023-02-15 21:26:42,024: download_one_from() 'Adding downloaded file /home/t1gu1/.config/variety/Downloaded/flickr_user_www_flickr_com_photos_peter_levi__user_id_93647178_N00_/7527948038_a6bdcc0973_o.jpg to unseen_downloads'
INFO: 2023-02-15 21:26:43,026: get_throttling() 'Flickr: parsing serverside options'
INFO: 2023-02-15 21:26:43,026: get_throttling() 'Could not parse Flickr serverside options, using defaults 120, 20'
INFO: 2023-02-15 21:26:43,026: get_throttling() 'Flickr: parsing serverside options'
INFO: 2023-02-15 21:26:43,027: get_throttling() 'Could not parse Flickr serverside options, using defaults 120, 20'
INFO: 2023-02-15 21:26:43,027: download_one() 'Flickr: Downloading an image, config: user:www.flickr.com/photos/peter-levi/;user_id:93647178@N00;'
INFO: 2023-02-15 21:26:43,027: download_one() 'Flickr: Queue size: 71'
INFO: 2023-02-15 21:26:43,027: download_one() 'Flickr: Queue populated with 71 URLs'
INFO: 2023-02-15 21:26:43,027: save_locally() 'Origin URL: https://www.flickr.com/photos/93647178@N00/7527938374'
INFO: 2023-02-15 21:26:43,027: save_locally() 'Image URL: https://live.staticflickr.com/7139/7527938374_94e46506b2_o.jpg'
INFO: 2023-02-15 21:26:43,027: save_locally() 'Local path: /home/t1gu1/.config/variety/Downloaded/flickr_user_www_flickr_com_photos_peter_levi__user_id_93647178_N00_/7527938374_94e46506b2_o.jpg'
INFO: 2023-02-15 21:26:43,275: save_locally() 'Download complete'
INFO: 2023-02-15 21:26:43,275: update_indicator() 'Setting file info to: /usr/share/backgrounds/gnome/adwaita-l.webp'
INFO: 2023-02-15 21:26:43,276: list_files() 'More than 1 files in the folders, stop listing'
INFO: 2023-02-15 21:26:43,276: download_one_from() 'Adding downloaded file /home/t1gu1/.config/variety/Downloaded/flickr_user_www_flickr_com_photos_peter_levi__user_id_93647178_N00_/7527938374_94e46506b2_o.jpg to unseen_downloads'
INFO: 2023-02-15 21:26:49,195: server_options_thread() 'Fetching server options from http://tiny.cc/variety-options-063'
INFO: 2023-02-15 21:26:49,613: server_options_thread() 'Fetched server options: {'flickr': {'min_fill_queue_interval': 1200, 'min_download_interval': 1200}, 'wallbase': {'min_fill_queue_interval': 1800, 'min_download_interval': 1800}, 'wallhaven': {'min_fill_queue_interval': 1800, 'min_download_interval': 1800}, 'wallpapers.net': {'min_fill_queue_interval': 601, 'min_download_interval': 0}, 'unsplash': {'min_fill_queue_interval': 20000000000, 'min_download_interval': 20000000000}, 'unsplash_v2': {'min_fill_queue_interval': 3600, 'min_download_interval': 1800}, 'status_message': {'0.0.1': '', '*': ''}}'
INFO: 2023-02-15 21:27:12,531: apply() 'Applying preferences'
INFO: 2023-02-15 21:27:12,540: reload_config() 'Creating new downloader for type apod, location NASA's Astronomy Picture of the Day'
INFO: 2023-02-15 21:27:12,540: set_visible() 'Showing indicator icon'
INFO: 2023-02-15 21:27:12,540: set_from_theme_icon() 'Showing indicator icon variety-indicator from GTK theme'
INFO: 2023-02-15 21:27:12,540: makedirs() 'Creating folder /home/t1gu1/.config/variety/Downloaded/nasa_apod'
INFO: 2023-02-15 21:27:12,540: log_options() 'Loaded options:'
INFO: 2023-02-15 21:27:12,540: log_options() 'change_enabled = True'
INFO: 2023-02-15 21:27:12,540: log_options() 'change_interval = 300'
INFO: 2023-02-15 21:27:12,541: log_options() 'change_on_start = False'
INFO: 2023-02-15 21:27:12,541: log_options() 'clipboard_enabled = False'
INFO: 2023-02-15 21:27:12,541: log_options() 'clipboard_hosts = ['wallhaven.cc', 'wallpapers.net', 'flickr.com', 'imgur.com', 'deviantart.com', 'interfacelift.com', 'vladstudio.com', 'imageshack.us', 'deviantart.net', 'imageshack.com']'
INFO: 2023-02-15 21:27:12,541: log_options() 'clipboard_use_whitelist = True'
INFO: 2023-02-15 21:27:12,541: log_options() 'clock_date_font = Serif 30'
INFO: 2023-02-15 21:27:12,541: log_options() 'clock_enabled = False'
INFO: 2023-02-15 21:27:12,541: log_options() 'clock_filter = -density 100 -font `fc-match -f '%{file[0]}' '%CLOCK_FONT_NAME'` -pointsize %CLOCK_FONT_SIZE -gravity SouthEast -fill '#00000044' -annotate 0x0+[%HOFFSET+58]+[%VOFFSET+108] '%H:%M' -fill white -annotate 0x0+[%HOFFSET+60]+[%VOFFSET+110] '%H:%M' -font `fc-match -f '%{file[0]}' '%DATE_FONT_NAME'` -pointsize %DATE_FONT_SIZE -fill '#00000044' -annotate 0x0+[%HOFFSET+58]+[%VOFFSET+58] '%A, %B %d' -fill white -annotate 0x0+[%HOFFSET+60]+[%VOFFSET+60] '%A, %B %d''
INFO: 2023-02-15 21:27:12,541: log_options() 'clock_font = Serif 70'
INFO: 2023-02-15 21:27:12,541: log_options() 'configfile = /home/t1gu1/.config/variety/variety.conf'
INFO: 2023-02-15 21:27:12,541: log_options() 'copyto_enabled = False'
INFO: 2023-02-15 21:27:12,541: log_options() 'copyto_folder = Default'
INFO: 2023-02-15 21:27:12,541: log_options() 'desired_color = [160, 160, 160]'
INFO: 2023-02-15 21:27:12,541: log_options() 'desired_color_enabled = False'
INFO: 2023-02-15 21:27:12,541: log_options() 'download_folder = /home/t1gu1/.config/variety/Downloaded'
INFO: 2023-02-15 21:27:12,541: log_options() 'download_preference_ratio = 0.9'
INFO: 2023-02-15 21:27:12,541: log_options() 'favorites_folder = /home/t1gu1/.config/variety/Favorites'
INFO: 2023-02-15 21:27:12,541: log_options() 'favorites_operations = [['Downloaded', 'Copy'], ['Fetched', 'Move'], ['Others', 'Copy']]'
INFO: 2023-02-15 21:27:12,541: log_options() 'fetched_folder = /home/t1gu1/.config/variety/Fetched'
INFO: 2023-02-15 21:27:12,541: log_options() 'filters = [[False, 'Keep original', ''], [False, 'Grayscale', '-type Grayscale'], [False, 'Heavy blur', '-scale 20% -blur 0x10 -resize 500%'], [False, 'Soft blur', '-scale 20% -blur 0x2 -resize 500%'], [False, 'Oil painting', '-paint 8'], [False, 'Pointilism', '-spread 10 -noise 3'], [False, 'Pixellate', '-scale 3% -scale 3333%']]'
INFO: 2023-02-15 21:27:12,541: log_options() 'get_wallpaper_script = /home/t1gu1/.config/variety/scripts/get_wallpaper'
INFO: 2023-02-15 21:27:12,541: log_options() 'icon = Light'
INFO: 2023-02-15 21:27:12,541: log_options() 'internet_enabled = True'
INFO: 2023-02-15 21:27:12,541: log_options() 'lightness_enabled = False'
INFO: 2023-02-15 21:27:12,541: log_options() 'lightness_mode = 0'
INFO: 2023-02-15 21:27:12,541: log_options() 'min_rating = 4'
INFO: 2023-02-15 21:27:12,542: log_options() 'min_rating_enabled = False'
INFO: 2023-02-15 21:27:12,542: log_options() 'min_size = 80'
INFO: 2023-02-15 21:27:12,542: log_options() 'min_size_enabled = False'
INFO: 2023-02-15 21:27:12,542: log_options() 'quota_enabled = True'
INFO: 2023-02-15 21:27:12,542: log_options() 'quota_size = 1000'
INFO: 2023-02-15 21:27:12,542: log_options() 'quotes_authors = '
INFO: 2023-02-15 21:27:12,542: log_options() 'quotes_bg_color = [80, 80, 80]'
INFO: 2023-02-15 21:27:12,542: log_options() 'quotes_bg_opacity = 55'
INFO: 2023-02-15 21:27:12,542: log_options() 'quotes_change_enabled = False'
INFO: 2023-02-15 21:27:12,542: log_options() 'quotes_change_interval = 300'
INFO: 2023-02-15 21:27:12,542: log_options() 'quotes_disabled_sources = ['Urban Dictionary']'
INFO: 2023-02-15 21:27:12,542: log_options() 'quotes_enabled = False'
INFO: 2023-02-15 21:27:12,542: log_options() 'quotes_favorites_file = /home/t1gu1/.config/variety/favorite_quotes.txt'
INFO: 2023-02-15 21:27:12,542: log_options() 'quotes_font = Serif 30'
INFO: 2023-02-15 21:27:12,542: log_options() 'quotes_hpos = 100'
INFO: 2023-02-15 21:27:12,542: log_options() 'quotes_max_length = 250'
INFO: 2023-02-15 21:27:12,542: log_options() 'quotes_tags = '
INFO: 2023-02-15 21:27:12,542: log_options() 'quotes_text_color = [255, 255, 255]'
INFO: 2023-02-15 21:27:12,542: log_options() 'quotes_text_shadow = False'
INFO: 2023-02-15 21:27:12,542: log_options() 'quotes_vpos = 40'
INFO: 2023-02-15 21:27:12,542: log_options() 'quotes_width = 70'
INFO: 2023-02-15 21:27:12,542: log_options() 'safe_mode = False'
INFO: 2023-02-15 21:27:12,542: log_options() 'set_wallpaper_script = /home/t1gu1/.config/variety/scripts/set_wallpaper'
INFO: 2023-02-15 21:27:12,542: log_options() 'slideshow_custom_enabled = False'
INFO: 2023-02-15 21:27:12,542: log_options() 'slideshow_custom_folder = /home/t1gu1/Pictures'
INFO: 2023-02-15 21:27:12,542: log_options() 'slideshow_downloads_enabled = False'
INFO: 2023-02-15 21:27:12,542: log_options() 'slideshow_fade = 0.4'
INFO: 2023-02-15 21:27:12,543: log_options() 'slideshow_favorites_enabled = True'
INFO: 2023-02-15 21:27:12,543: log_options() 'slideshow_mode = Fullscreen'
INFO: 2023-02-15 21:27:12,543: log_options() 'slideshow_monitor = All'
INFO: 2023-02-15 21:27:12,543: log_options() 'slideshow_pan = 0.05'
INFO: 2023-02-15 21:27:12,543: log_options() 'slideshow_seconds = 6.0'
INFO: 2023-02-15 21:27:12,543: log_options() 'slideshow_sort_order = Random'
INFO: 2023-02-15 21:27:12,543: log_options() 'slideshow_sources_enabled = True'
INFO: 2023-02-15 21:27:12,543: log_options() 'slideshow_zoom = 0.2'
INFO: 2023-02-15 21:27:12,543: log_options() 'smart_enabled = False'
INFO: 2023-02-15 21:27:12,543: log_options() 'smart_notice_shown = False'
INFO: 2023-02-15 21:27:12,543: log_options() 'smart_register_shown = False'
INFO: 2023-02-15 21:27:12,543: log_options() 'sources = [[True, 'favorites', 'The Favorites folder'], [True, 'fetched', 'The Fetched folder'], [True, 'folder', '/usr/share/backgrounds'], [True, 'flickr', 'user:www.flickr.com/photos/peter-levi/;user_id:93647178@N00;'], [True, 'apod', "NASA's Astronomy Picture of the Day"], [False, 'bing', 'Bing Photo of the Day'], [False, 'earthview', 'Google Earth View Wallpapers'], [False, 'natgeo', "National Geographic's photo of the day"], [False, 'unsplash', 'High-resolution photos from Unsplash.com']]'
INFO: 2023-02-15 21:27:12,543: log_options() 'stats_enabled = True'
INFO: 2023-02-15 21:27:12,543: log_options() 'stats_notice_shown = False'
INFO: 2023-02-15 21:27:12,543: log_options() 'sync_enabled = True'
INFO: 2023-02-15 21:27:12,543: log_options() 'use_landscape_enabled = True'
INFO: 2023-02-15 21:27:12,543: log_options() 'wallhaven_api_key = '
INFO: 2023-02-15 21:27:12,543: log_options() 'wallpaper_auto_rotate = False'
INFO: 2023-02-15 21:27:12,543: log_options() 'wallpaper_display_mode = os'
INFO: 2023-02-15 21:27:12,543: clear_prepared_queue() 'Clearing prepared queue'
INFO: 2023-02-15 21:27:12,543: update_indicator() 'Setting file info to: /usr/share/backgrounds/gnome/adwaita-l.webp'
INFO: 2023-02-15 21:27:12,544: prepare_thread() 'Prepared buffer contains 0 images'
INFO: 2023-02-15 21:27:12,544: prepare_thread() 'Preparing some images'
INFO: 2023-02-15 21:27:12,544: list_files() 'More than 1 files in the folders, stop listing'
INFO: 2023-02-15 21:27:12,545: get_throttling() 'NASA Astro Pic of the Day: parsing serverside options'
INFO: 2023-02-15 21:27:12,545: get_throttling() 'Could not parse NASA Astro Pic of the Day serverside options, using defaults None, None'
INFO: 2023-02-15 21:27:12,545: get_throttling() 'NASA Astro Pic of the Day: parsing serverside options'
INFO: 2023-02-15 21:27:12,546: get_throttling() 'Could not parse NASA Astro Pic of the Day serverside options, using defaults None, None'
INFO: 2023-02-15 21:27:12,546: download_one() 'NASA Astro Pic of the Day: Downloading an image, config: None'
INFO: 2023-02-15 21:27:12,546: download_one() 'NASA Astro Pic of the Day: Queue size: 0'
INFO: 2023-02-15 21:27:12,546: get_throttling() 'NASA Astro Pic of the Day: parsing serverside options'
INFO: 2023-02-15 21:27:12,546: get_throttling() 'Could not parse NASA Astro Pic of the Day serverside options, using defaults None, None'
INFO: 2023-02-15 21:27:12,546: download_one() 'NASA Astro Pic of the Day: Filling queue'
INFO: 2023-02-15 21:27:12,547: fill_queue() 'Filling APOD queue from Archive'
INFO: 2023-02-15 21:27:12,610: prepare_thread() 'After search prepared buffer contains 21 images'
INFO: 2023-02-15 21:27:12,610: prepare_thread() 'Prepared buffer contains 21 images'
INFO: 2023-02-15 21:27:12,645: do_set_wp() 'Calling do_set_wp with /usr/share/backgrounds/gnome/adwaita-l.webp, time: 1676514432.6454117'
INFO: 2023-02-15 21:27:12,645: do_set_wp() 'Missing file or bad permissions, will not use it: /usr/share/backgrounds/gnome/adwaita-l.webp'
INFO: 2023-02-15 21:27:13,189: download_one() 'NASA Astro Pic of the Day: Queue populated with 730 URLs'
INFO: 2023-02-15 21:27:13,189: download_queue_item() 'APOD URL: https://apod.nasa.gov/apod/ap230117.html'
INFO: 2023-02-15 21:27:13,477: download_queue_item() 'Image URL: https://apod.nasa.gov/apod/image/2301/M31OiiiArc_Strottner_5000.jpg'
INFO: 2023-02-15 21:27:13,477: save_locally() 'Origin URL: https://apod.nasa.gov/apod/ap230117.html'
INFO: 2023-02-15 21:27:13,477: save_locally() 'Image URL: https://apod.nasa.gov/apod/image/2301/M31OiiiArc_Strottner_5000.jpg'
INFO: 2023-02-15 21:27:13,477: save_locally() 'Local path: /home/t1gu1/.config/variety/Downloaded/nasa_apod/M31OiiiArc_Strottner_5000.jpg'
INFO: 2023-02-15 21:27:14,610: trigger_download() 'Triggering download thread to check if download needed and possible'
INFO: 2023-02-15 21:27:14,610: trigger_download() 'Triggering download thread to check if download needed and possible'
INFO: 2023-02-15 21:27:14,705: save_locally() 'Download complete'
INFO: 2023-02-15 21:27:14,705: update_indicator() 'Setting file info to: /usr/share/backgrounds/gnome/adwaita-l.webp'
INFO: 2023-02-15 21:27:14,706: list_files() 'More than 1 files in the folders, stop listing'
INFO: 2023-02-15 21:27:14,707: prepare_thread() 'Prepared buffer contains 21 images'
INFO: 2023-02-15 21:27:15,710: get_throttling() 'NASA Astro Pic of the Day: parsing serverside options'
INFO: 2023-02-15 21:27:15,710: get_throttling() 'Could not parse NASA Astro Pic of the Day serverside options, using defaults None, None'
INFO: 2023-02-15 21:27:15,710: get_throttling() 'NASA Astro Pic of the Day: parsing serverside options'
INFO: 2023-02-15 21:27:15,710: get_throttling() 'Could not parse NASA Astro Pic of the Day serverside options, using defaults None, None'
INFO: 2023-02-15 21:27:15,711: download_one() 'NASA Astro Pic of the Day: Downloading an image, config: None'
INFO: 2023-02-15 21:27:15,711: download_one() 'NASA Astro Pic of the Day: Queue size: 729'
INFO: 2023-02-15 21:27:15,711: download_one() 'NASA Astro Pic of the Day: Queue populated with 729 URLs'
INFO: 2023-02-15 21:27:15,711: download_queue_item() 'APOD URL: https://apod.nasa.gov/apod/ap221008.html'
INFO: 2023-02-15 21:27:15,986: download_queue_item() 'Image URL: https://apod.nasa.gov/apod/image/2210/2017K2_2022-09-21_media.jpg'
INFO: 2023-02-15 21:27:15,987: save_locally() 'Origin URL: https://apod.nasa.gov/apod/ap221008.html'
INFO: 2023-02-15 21:27:15,987: save_locally() 'Image URL: https://apod.nasa.gov/apod/image/2210/2017K2_2022-09-21_media.jpg'
INFO: 2023-02-15 21:27:15,987: save_locally() 'Local path: /home/t1gu1/.config/variety/Downloaded/nasa_apod/2017K2_2022-09-21_media.jpg'
INFO: 2023-02-15 21:27:16,708: trigger_download() 'Triggering download thread to check if download needed and possible'
INFO: 2023-02-15 21:27:17,159: save_locally() 'Download complete'
INFO: 2023-02-15 21:27:17,160: update_indicator() 'Setting file info to: /usr/share/backgrounds/gnome/adwaita-l.webp'
INFO: 2023-02-15 21:27:17,161: list_files() 'More than 1 files in the folders, stop listing'
INFO: 2023-02-15 21:27:17,163: download_one_from() 'Adding downloaded file /home/t1gu1/.config/variety/Downloaded/nasa_apod/2017K2_2022-09-21_media.jpg to unseen_downloads'
INFO: 2023-02-15 21:27:18,165: get_throttling() 'NASA Astro Pic of the Day: parsing serverside options'
INFO: 2023-02-15 21:27:18,166: get_throttling() 'Could not parse NASA Astro Pic of the Day serverside options, using defaults None, None'
INFO: 2023-02-15 21:27:18,172: get_throttling() 'NASA Astro Pic of the Day: parsing serverside options'
INFO: 2023-02-15 21:27:18,172: get_throttling() 'Could not parse NASA Astro Pic of the Day serverside options, using defaults None, None'
INFO: 2023-02-15 21:27:18,172: download_one() 'NASA Astro Pic of the Day: Downloading an image, config: None'
INFO: 2023-02-15 21:27:18,172: download_one() 'NASA Astro Pic of the Day: Queue size: 728'
INFO: 2023-02-15 21:27:18,172: download_one() 'NASA Astro Pic of the Day: Queue populated with 728 URLs'
INFO: 2023-02-15 21:27:18,172: download_queue_item() 'APOD URL: https://apod.nasa.gov/apod/ap211222.html'
INFO: 2023-02-15 21:27:18,460: download_queue_item() 'Image URL: https://apod.nasa.gov/apod/image/2112/IxpeLaunch_Sirokie_1875.jpg'
INFO: 2023-02-15 21:27:18,461: save_locally() 'Origin URL: https://apod.nasa.gov/apod/ap211222.html'
INFO: 2023-02-15 21:27:18,461: save_locally() 'Image URL: https://apod.nasa.gov/apod/image/2112/IxpeLaunch_Sirokie_1875.jpg'
INFO: 2023-02-15 21:27:18,461: save_locally() 'Local path: /home/t1gu1/.config/variety/Downloaded/nasa_apod/IxpeLaunch_Sirokie_1875.jpg'
INFO: 2023-02-15 21:27:18,873: save_locally() 'Download complete'
INFO: 2023-02-15 21:27:18,873: update_indicator() 'Setting file info to: /usr/share/backgrounds/gnome/adwaita-l.webp'
INFO: 2023-02-15 21:27:18,875: list_files() 'More than 1 files in the folders, stop listing'
INFO: 2023-02-15 21:27:18,877: prepare_thread() 'Prepared buffer contains 21 images'
INFO: 2023-02-15 21:27:19,880: get_throttling() 'NASA Astro Pic of the Day: parsing serverside options'
INFO: 2023-02-15 21:27:19,880: get_throttling() 'Could not parse NASA Astro Pic of the Day serverside options, using defaults None, None'
INFO: 2023-02-15 21:27:19,880: get_throttling() 'NASA Astro Pic of the Day: parsing serverside options'
INFO: 2023-02-15 21:27:19,880: get_throttling() 'Could not parse NASA Astro Pic of the Day serverside options, using defaults None, None'
INFO: 2023-02-15 21:27:19,880: download_one() 'NASA Astro Pic of the Day: Downloading an image, config: None'
INFO: 2023-02-15 21:27:19,881: download_one() 'NASA Astro Pic of the Day: Queue size: 727'
INFO: 2023-02-15 21:27:19,881: download_one() 'NASA Astro Pic of the Day: Queue populated with 727 URLs'
INFO: 2023-02-15 21:27:19,881: download_queue_item() 'APOD URL: https://apod.nasa.gov/apod/ap211212.html'
INFO: 2023-02-15 21:27:20,142: download_queue_item() 'Image URL: https://apod.nasa.gov/apod/image/2112/M3Leonard_Bartlett_3843.jpg'
INFO: 2023-02-15 21:27:20,143: save_locally() 'Origin URL: https://apod.nasa.gov/apod/ap211212.html'
INFO: 2023-02-15 21:27:20,143: save_locally() 'Image URL: https://apod.nasa.gov/apod/image/2112/M3Leonard_Bartlett_3843.jpg'
INFO: 2023-02-15 21:27:20,143: save_locally() 'Local path: /home/t1gu1/.config/variety/Downloaded/nasa_apod/M3Leonard_Bartlett_3843.jpg'
INFO: 2023-02-15 21:27:20,878: trigger_download() 'Triggering download thread to check if download needed and possible'
INFO: 2023-02-15 21:27:21,117: set_wallpaper() 'Calling set_wallpaper with /home/t1gu1/.config/variety/Downloaded/nasa_apod/2017K2_2022-09-21_media.jpg'
INFO: 2023-02-15 21:27:21,119: do_set_wp() 'Calling do_set_wp with /home/t1gu1/.config/variety/Downloaded/nasa_apod/2017K2_2022-09-21_media.jpg, time: 1676514441.1195407'
INFO: 2023-02-15 21:27:21,141: update_indicator() 'Setting file info to: /home/t1gu1/.config/variety/Downloaded/nasa_apod/2017K2_2022-09-21_media.jpg'
INFO: 2023-02-15 21:27:21,144: list_files() 'More than 1 files in the folders, stop listing'
INFO: 2023-02-15 21:27:21,434: save_locally() 'Download complete'
INFO: 2023-02-15 21:27:21,434: update_indicator() 'Setting file info to: /home/t1gu1/.config/variety/Downloaded/nasa_apod/2017K2_2022-09-21_media.jpg'
INFO: 2023-02-15 21:27:21,437: list_files() 'More than 1 files in the folders, stop listing'
INFO: 2023-02-15 21:27:21,438: download_one_from() 'Adding downloaded file /home/t1gu1/.config/variety/Downloaded/nasa_apod/M3Leonard_Bartlett_3843.jpg to unseen_downloads'
INFO: 2023-02-15 21:27:22,440: get_throttling() 'NASA Astro Pic of the Day: parsing serverside options'
INFO: 2023-02-15 21:27:22,440: get_throttling() 'Could not parse NASA Astro Pic of the Day serverside options, using defaults None, None'
INFO: 2023-02-15 21:27:22,440: get_throttling() 'NASA Astro Pic of the Day: parsing serverside options'
INFO: 2023-02-15 21:27:22,441: get_throttling() 'Could not parse NASA Astro Pic of the Day serverside options, using defaults None, None'
INFO: 2023-02-15 21:27:22,441: download_one() 'NASA Astro Pic of the Day: Downloading an image, config: None'
INFO: 2023-02-15 21:27:22,441: download_one() 'NASA Astro Pic of the Day: Queue size: 726'
INFO: 2023-02-15 21:27:22,441: download_one() 'NASA Astro Pic of the Day: Queue populated with 726 URLs'
INFO: 2023-02-15 21:27:22,441: download_queue_item() 'APOD URL: https://apod.nasa.gov/apod/ap220306.html'
INFO: 2023-02-15 21:27:22,719: download_queue_item() 'Image URL: https://apod.nasa.gov/apod/image/2203/SunVenusUv3_SdoDove_960.jpg'
INFO: 2023-02-15 21:27:22,720: save_locally() 'Origin URL: https://apod.nasa.gov/apod/ap220306.html'
INFO: 2023-02-15 21:27:22,720: save_locally() 'Image URL: https://apod.nasa.gov/apod/image/2203/SunVenusUv3_SdoDove_960.jpg'
INFO: 2023-02-15 21:27:22,720: save_locally() 'Local path: /home/t1gu1/.config/variety/Downloaded/nasa_apod/SunVenusUv3_SdoDove_960.jpg'
INFO: 2023-02-15 21:27:23,054: save_locally() 'Download complete'
INFO: 2023-02-15 21:27:23,054: update_indicator() 'Setting file info to: /home/t1gu1/.config/variety/Downloaded/nasa_apod/2017K2_2022-09-21_media.jpg'
INFO: 2023-02-15 21:27:23,055: list_files() 'More than 1 files in the folders, stop listing'
INFO: 2023-02-15 21:27:23,056: download_one_from() 'Adding downloaded file /home/t1gu1/.config/variety/Downloaded/nasa_apod/SunVenusUv3_SdoDove_960.jpg to unseen_downloads'
INFO: 2023-02-15 21:27:23,119: trigger_download() 'Triggering download thread to check if download needed and possible'
INFO: 2023-02-15 21:27:24,059: get_throttling() 'NASA Astro Pic of the Day: parsing serverside options'
INFO: 2023-02-15 21:27:24,059: get_throttling() 'Could not parse NASA Astro Pic of the Day serverside options, using defaults None, None'
INFO: 2023-02-15 21:27:24,059: get_throttling() 'NASA Astro Pic of the Day: parsing serverside options'
INFO: 2023-02-15 21:27:24,059: get_throttling() 'Could not parse NASA Astro Pic of the Day serverside options, using defaults None, None'
INFO: 2023-02-15 21:27:24,059: download_one() 'NASA Astro Pic of the Day: Downloading an image, config: None'
INFO: 2023-02-15 21:27:24,059: download_one() 'NASA Astro Pic of the Day: Queue size: 725'
INFO: 2023-02-15 21:27:24,060: download_one() 'NASA Astro Pic of the Day: Queue populated with 725 URLs'
INFO: 2023-02-15 21:27:24,060: download_queue_item() 'APOD URL: https://apod.nasa.gov/apod/ap211220.html'
INFO: 2023-02-15 21:27:24,315: download_queue_item() 'Image URL: https://apod.nasa.gov/apod/image/2112/LeonardMeteor_Poole_2250.jpg'
INFO: 2023-02-15 21:27:24,315: save_locally() 'Origin URL: https://apod.nasa.gov/apod/ap211220.html'
INFO: 2023-02-15 21:27:24,315: save_locally() 'Image URL: https://apod.nasa.gov/apod/image/2112/LeonardMeteor_Poole_2250.jpg'
INFO: 2023-02-15 21:27:24,316: save_locally() 'Local path: /home/t1gu1/.config/variety/Downloaded/nasa_apod/LeonardMeteor_Poole_2250.jpg'
INFO: 2023-02-15 21:27:24,814: save_locally() 'Download complete'
INFO: 2023-02-15 21:27:24,814: update_indicator() 'Setting file info to: /home/t1gu1/.config/variety/Downloaded/nasa_apod/2017K2_2022-09-21_media.jpg'
INFO: 2023-02-15 21:27:24,816: list_files() 'More than 1 files in the folders, stop listing'
INFO: 2023-02-15 21:27:24,818: prepare_thread() 'Prepared buffer contains 21 images'
INFO: 2023-02-15 21:27:25,822: get_throttling() 'NASA Astro Pic of the Day: parsing serverside options'
INFO: 2023-02-15 21:27:25,822: get_throttling() 'Could not parse NASA Astro Pic of the Day serverside options, using defaults None, None'
INFO: 2023-02-15 21:27:25,822: get_throttling() 'NASA Astro Pic of the Day: parsing serverside options'
INFO: 2023-02-15 21:27:25,822: get_throttling() 'Could not parse NASA Astro Pic of the Day serverside options, using defaults None, None'
INFO: 2023-02-15 21:27:25,822: download_one() 'NASA Astro Pic of the Day: Downloading an image, config: None'
INFO: 2023-02-15 21:27:25,822: download_one() 'NASA Astro Pic of the Day: Queue size: 724'
INFO: 2023-02-15 21:27:25,823: download_one() 'NASA Astro Pic of the Day: Queue populated with 724 URLs'
INFO: 2023-02-15 21:27:25,823: download_queue_item() 'APOD URL: https://apod.nasa.gov/apod/ap210324.html'
INFO: 2023-02-15 21:27:26,087: download_queue_item() 'Image URL: https://apod.nasa.gov/apod/image/2103/AuroraLightningJupiter_Juno_1629.jpg'
INFO: 2023-02-15 21:27:26,087: save_locally() 'Origin URL: https://apod.nasa.gov/apod/ap210324.html'
INFO: 2023-02-15 21:27:26,087: save_locally() 'Image URL: https://apod.nasa.gov/apod/image/2103/AuroraLightningJupiter_Juno_1629.jpg'
INFO: 2023-02-15 21:27:26,087: save_locally() 'Local path: /home/t1gu1/.config/variety/Downloaded/nasa_apod/AuroraLightningJupiter_Juno_1629.jpg'
INFO: 2023-02-15 21:27:26,535: save_locally() 'Download complete'
INFO: 2023-02-15 21:27:26,535: update_indicator() 'Setting file info to: /home/t1gu1/.config/variety/Downloaded/nasa_apod/2017K2_2022-09-21_media.jpg'
INFO: 2023-02-15 21:27:26,538: list_files() 'More than 1 files in the folders, stop listing'
INFO: 2023-02-15 21:27:26,542: purge_downloaded() 'Refreshed download folder size: 18.75241184234619 mb'
INFO: 2023-02-15 21:27:26,544: download_one_from() 'Adding downloaded file /home/t1gu1/.config/variety/Downloaded/nasa_apod/AuroraLightningJupiter_Juno_1629.jpg to unseen_downloads'
INFO: 2023-02-15 21:27:26,819: trigger_download() 'Triggering download thread to check if download needed and possible'
INFO: 2023-02-15 21:27:27,548: get_throttling() 'NASA Astro Pic of the Day: parsing serverside options'
INFO: 2023-02-15 21:27:27,548: get_throttling() 'Could not parse NASA Astro Pic of the Day serverside options, using defaults None, None'
INFO: 2023-02-15 21:27:27,549: get_throttling() 'NASA Astro Pic of the Day: parsing serverside options'
INFO: 2023-02-15 21:27:27,549: get_throttling() 'Could not parse NASA Astro Pic of the Day serverside options, using defaults None, None'
INFO: 2023-02-15 21:27:27,549: download_one() 'NASA Astro Pic of the Day: Downloading an image, config: None'
INFO: 2023-02-15 21:27:27,549: download_one() 'NASA Astro Pic of the Day: Queue size: 723'
INFO: 2023-02-15 21:27:27,549: download_one() 'NASA Astro Pic of the Day: Queue populated with 723 URLs'
INFO: 2023-02-15 21:27:27,549: download_queue_item() 'APOD URL: https://apod.nasa.gov/apod/ap211223.html'
INFO: 2023-02-15 21:27:27,674: update_indicator() 'Setting file info to: /home/t1gu1/.config/variety/Downloaded/nasa_apod/2017K2_2022-09-21_media.jpg'
INFO: 2023-02-15 21:27:27,675: list_files() 'More than 1 files in the folders, stop listing'
INFO: 2023-02-15 21:27:27,817: download_queue_item() 'Image URL: https://apod.nasa.gov/apod/image/2112/20211221Tezel.jpg'
INFO: 2023-02-15 21:27:27,818: save_locally() 'Origin URL: https://apod.nasa.gov/apod/ap211223.html'
INFO: 2023-02-15 21:27:27,818: save_locally() 'Image URL: https://apod.nasa.gov/apod/image/2112/20211221Tezel.jpg'
INFO: 2023-02-15 21:27:27,818: save_locally() 'Local path: /home/t1gu1/.config/variety/Downloaded/nasa_apod/20211221Tezel.jpg'
INFO: 2023-02-15 21:27:28,603: save_locally() 'Download complete'
INFO: 2023-02-15 21:27:28,604: update_indicator() 'Setting file info to: /home/t1gu1/.config/variety/Downloaded/nasa_apod/2017K2_2022-09-21_media.jpg'
INFO: 2023-02-15 21:27:28,607: list_files() 'More than 1 files in the folders, stop listing'
INFO: 2023-02-15 21:27:28,608: download_one_from() 'Adding downloaded file /home/t1gu1/.config/variety/Downloaded/nasa_apod/20211221Tezel.jpg to unseen_downloads'
INFO: 2023-02-15 21:27:29,612: get_throttling() 'NASA Astro Pic of the Day: parsing serverside options'
INFO: 2023-02-15 21:27:29,612: get_throttling() 'Could not parse NASA Astro Pic of the Day serverside options, using defaults None, None'
INFO: 2023-02-15 21:27:29,612: get_throttling() 'NASA Astro Pic of the Day: parsing serverside options'
INFO: 2023-02-15 21:27:29,613: get_throttling() 'Could not parse NASA Astro Pic of the Day serverside options, using defaults None, None'
INFO: 2023-02-15 21:27:29,613: download_one() 'NASA Astro Pic of the Day: Downloading an image, config: None'
INFO: 2023-02-15 21:27:29,613: download_one() 'NASA Astro Pic of the Day: Queue size: 722'
INFO: 2023-02-15 21:27:29,613: download_one() 'NASA Astro Pic of the Day: Queue populated with 722 URLs'
INFO: 2023-02-15 21:27:29,613: download_queue_item() 'APOD URL: https://apod.nasa.gov/apod/ap230131.html'
INFO: 2023-02-15 21:27:29,895: download_queue_item() 'Image URL: https://apod.nasa.gov/apod/image/2301/TripleCometZTF_Caldera_3574.jpg'
INFO: 2023-02-15 21:27:29,895: save_locally() 'Origin URL: https://apod.nasa.gov/apod/ap230131.html'
INFO: 2023-02-15 21:27:29,895: save_locally() 'Image URL: https://apod.nasa.gov/apod/image/2301/TripleCometZTF_Caldera_3574.jpg'
INFO: 2023-02-15 21:27:29,896: save_locally() 'Local path: /home/t1gu1/.config/variety/Downloaded/nasa_apod/TripleCometZTF_Caldera_3574.jpg'
INFO: 2023-02-15 21:27:31,281: save_locally() 'Download complete'
INFO: 2023-02-15 21:27:31,281: update_indicator() 'Setting file info to: /home/t1gu1/.config/variety/Downloaded/nasa_apod/2017K2_2022-09-21_media.jpg'
INFO: 2023-02-15 21:27:31,282: list_files() 'More than 1 files in the folders, stop listing'
INFO: 2023-02-15 21:27:31,283: prepare_thread() 'Prepared buffer contains 21 images'
INFO: 2023-02-15 21:27:32,286: get_throttling() 'NASA Astro Pic of the Day: parsing serverside options'
INFO: 2023-02-15 21:27:32,287: get_throttling() 'Could not parse NASA Astro Pic of the Day serverside options, using defaults None, None'
INFO: 2023-02-15 21:27:32,293: get_throttling() 'NASA Astro Pic of the Day: parsing serverside options'
INFO: 2023-02-15 21:27:32,293: get_throttling() 'Could not parse NASA Astro Pic of the Day serverside options, using defaults None, None'
INFO: 2023-02-15 21:27:32,293: download_one() 'NASA Astro Pic of the Day: Downloading an image, config: None'
INFO: 2023-02-15 21:27:32,293: download_one() 'NASA Astro Pic of the Day: Queue size: 721'
INFO: 2023-02-15 21:27:32,293: download_one() 'NASA Astro Pic of the Day: Queue populated with 721 URLs'
INFO: 2023-02-15 21:27:32,293: download_queue_item() 'APOD URL: https://apod.nasa.gov/apod/ap211026.html'
INFO: 2023-02-15 21:27:32,577: download_queue_item() 'No image url found for this APOD URL'
INFO: 2023-02-15 21:27:33,284: trigger_download() 'Triggering download thread to check if download needed and possible'
INFO: 2023-02-15 21:27:57,237: trigger_download() 'Triggering download thread to check if download needed and possible'
INFO: 2023-02-15 21:27:59,295: _check_quit() 'Terminating signal received, quitting...'
INFO: 2023-02-15 21:27:59,296: on_quit() 'Quitting'
